<?xml version="1.0" encoding="UTF-8"?>
<robot generator="Robot 4.0.3 (Python 3.9.6 on win32)" generated="20210804 21:46:22.964" rpa="true" schemaversion="2">
<suite id="s1" name="Treinamento02" source="C:\Users\luisg\OneDrive\Documentos\Python\Robot_Treino02\Treino02\Treinamento02.robot">
<test id="s1-t1" name="Tarefa 1:">
<kw name="Conectar ao site">
<kw name="Open Browser" library="SeleniumLibrary">
<arg>${LinkLogin}</arg>
<arg>${Navegador}</arg>
<doc>Opens a new browser instance to the optional ``url``.</doc>
<msg timestamp="20210804 21:46:23.522" level="INFO">Opening browser 'Chrome' to base url 'https://developer.clashroyale.com/#/login'.</msg>
<status status="PASS" starttime="20210804 21:46:23.521" endtime="20210804 21:46:29.064"/>
</kw>
<kw name="Maximize Browser Window" library="SeleniumLibrary">
<doc>Maximizes current browser window.</doc>
<status status="PASS" starttime="20210804 21:46:29.065" endtime="20210804 21:46:29.200"/>
</kw>
<kw name="Sleep" library="BuiltIn">
<arg>1s</arg>
<doc>Pauses the test executed for the given time.</doc>
<msg timestamp="20210804 21:46:30.209" level="INFO">Slept 1 second</msg>
<status status="PASS" starttime="20210804 21:46:29.200" endtime="20210804 21:46:30.209"/>
</kw>
<status status="PASS" starttime="20210804 21:46:23.521" endtime="20210804 21:46:30.209"/>
</kw>
<kw name="Logando Site">
<kw name="Input Text" library="SeleniumLibrary">
<arg>${InputEmail}</arg>
<arg>luis.compras123@hotmail.com</arg>
<doc>Types the given ``text`` into the text field identified by ``locator``.</doc>
<msg timestamp="20210804 21:46:30.211" level="INFO">Typing text 'luis.compras123@hotmail.com' into text field 'id=email'.</msg>
<status status="PASS" starttime="20210804 21:46:30.211" endtime="20210804 21:46:30.427"/>
</kw>
<kw name="Input Password" library="SeleniumLibrary">
<arg>${InputPassword}</arg>
<arg>password</arg>
<doc>Types the given password into the text field identified by ``locator``.</doc>
<msg timestamp="20210804 21:46:30.427" level="INFO">Typing password into text field 'id=password'.</msg>
<msg timestamp="20210804 21:46:30.493" level="INFO">Temporally setting log level to: NONE</msg>
<msg timestamp="20210804 21:46:30.584" level="INFO">Log level changed from NONE to INFO.</msg>
<status status="PASS" starttime="20210804 21:46:30.427" endtime="20210804 21:46:30.584"/>
</kw>
<kw name="Click Button" library="SeleniumLibrary">
<arg>${ClickLogin}</arg>
<doc>Clicks the button identified by ``locator``.</doc>
<msg timestamp="20210804 21:46:30.584" level="INFO">Clicking button 'xpath=//*[@id="content"]/div/div[2]/div/div/div/div/div/div/form/div[4]/button'.</msg>
<status status="PASS" starttime="20210804 21:46:30.584" endtime="20210804 21:46:31.241"/>
</kw>
<status status="PASS" starttime="20210804 21:46:30.210" endtime="20210804 21:46:31.241"/>
</kw>
<doc>Sequencia das tarefas</doc>
<status status="PASS" starttime="20210804 21:46:23.520" endtime="20210804 21:46:31.242"/>
</test>
<doc>Treinamento02</doc>
<status status="PASS" starttime="20210804 21:46:22.969" endtime="20210804 21:46:31.248"/>
</suite>
<statistics>
<total>
<stat pass="1" fail="0" skip="0">All Tasks</stat>
</total>
<tag>
</tag>
<suite>
<stat pass="1" fail="0" skip="0" id="s1" name="Treinamento02">Treinamento02</stat>
</suite>
</statistics>
<errors>
</errors>
</robot>
