<?xml version="1.0" encoding="UTF-8"?>
<robot generator="Robot 4.0.3 (Python 3.9.6 on win32)" generated="20210809 16:11:00.349" rpa="true" schemaversion="2">
<suite id="s1" name="Treinamento02" source="C:\Users\luisg\OneDrive\Documentos\Python\Robot_Treino02\Treino02\Treinamento02.robot">
<test id="s1-t1" name="Tarefa 1:">
<kw name="Conectar ao site">
<kw name="Close All Browsers" library="SeleniumLibrary">
<doc>Closes all open browsers and resets the browser cache.</doc>
<status status="PASS" starttime="20210809 16:11:04.631" endtime="20210809 16:11:04.633"/>
</kw>
<kw name="Open Browser" library="SeleniumLibrary">
<arg>${Link}/login</arg>
<arg>${Navegador}</arg>
<doc>Opens a new browser instance to the optional ``url``.</doc>
<msg timestamp="20210809 16:11:04.635" level="INFO">Opening browser 'Chrome' to base url 'https://developer.clashroyale.com/#/login'.</msg>
<status status="PASS" starttime="20210809 16:11:04.634" endtime="20210809 16:11:12.027"/>
</kw>
<kw name="Maximize Browser Window" library="SeleniumLibrary">
<doc>Maximizes current browser window.</doc>
<status status="PASS" starttime="20210809 16:11:12.027" endtime="20210809 16:11:12.217"/>
</kw>
<kw name="Sleep" library="BuiltIn">
<arg>1s</arg>
<doc>Pauses the test executed for the given time.</doc>
<msg timestamp="20210809 16:11:13.257" level="INFO">Slept 1 second</msg>
<status status="PASS" starttime="20210809 16:11:12.217" endtime="20210809 16:11:13.257"/>
</kw>
<status status="PASS" starttime="20210809 16:11:04.630" endtime="20210809 16:11:13.257"/>
</kw>
<kw name="Logando Site">
<kw name="Input Text" library="SeleniumLibrary">
<arg>${InputEmail}</arg>
<arg>luis.compras123@hotmail.com</arg>
<doc>Types the given ``text`` into the text field identified by ``locator``.</doc>
<msg timestamp="20210809 16:11:13.259" level="INFO">Typing text 'luis.compras123@hotmail.com' into text field 'id=email'.</msg>
<status status="PASS" starttime="20210809 16:11:13.259" endtime="20210809 16:11:13.560"/>
</kw>
<kw name="Input Password" library="SeleniumLibrary">
<arg>${InputPassword}</arg>
<arg>password</arg>
<doc>Types the given password into the text field identified by ``locator``.</doc>
<msg timestamp="20210809 16:11:13.561" level="INFO">Typing password into text field 'id=password'.</msg>
<msg timestamp="20210809 16:11:13.610" level="INFO">Temporally setting log level to: NONE</msg>
<msg timestamp="20210809 16:11:13.708" level="INFO">Log level changed from NONE to INFO.</msg>
<status status="PASS" starttime="20210809 16:11:13.560" endtime="20210809 16:11:13.708"/>
</kw>
<kw name="Click Button" library="SeleniumLibrary">
<arg>${ClickLogin}</arg>
<doc>Clicks the button identified by ``locator``.</doc>
<msg timestamp="20210809 16:11:13.709" level="INFO">Clicking button 'xpath=//*[@id="content"]/div/div[2]/div/div/div/div/div/div/form/div[4]/button'.</msg>
<status status="PASS" starttime="20210809 16:11:13.708" endtime="20210809 16:11:13.912"/>
</kw>
<kw name="Sleep" library="BuiltIn">
<arg>1s</arg>
<doc>Pauses the test executed for the given time.</doc>
<msg timestamp="20210809 16:11:14.917" level="INFO">Slept 1 second</msg>
<status status="PASS" starttime="20210809 16:11:13.912" endtime="20210809 16:11:14.917"/>
</kw>
<status status="PASS" starttime="20210809 16:11:13.258" endtime="20210809 16:11:14.917"/>
</kw>
<kw name="Acessando Perfil">
<kw name="Go To" library="SeleniumLibrary">
<arg>${Link}/account</arg>
<doc>Navigates the current browser window to the provided ``url``.</doc>
<msg timestamp="20210809 16:11:14.919" level="INFO">Opening url 'https://developer.clashroyale.com/#/account'</msg>
<status status="PASS" starttime="20210809 16:11:14.919" endtime="20210809 16:11:14.990"/>
</kw>
<kw name="Sleep" library="BuiltIn">
<arg>1s</arg>
<doc>Pauses the test executed for the given time.</doc>
<msg timestamp="20210809 16:11:15.998" level="INFO">Slept 1 second</msg>
<status status="PASS" starttime="20210809 16:11:14.990" endtime="20210809 16:11:15.998"/>
</kw>
<kw name="Go To" library="SeleniumLibrary">
<arg>${Link}/new-key</arg>
<doc>Navigates the current browser window to the provided ``url``.</doc>
<msg timestamp="20210809 16:11:15.999" level="INFO">Opening url 'https://developer.clashroyale.com/#/new-key'</msg>
<status status="PASS" starttime="20210809 16:11:15.998" endtime="20210809 16:11:16.038"/>
</kw>
<status status="PASS" starttime="20210809 16:11:14.918" endtime="20210809 16:11:16.039"/>
</kw>
<kw name="Criando New Key">
<kw name="Input Text" library="SeleniumLibrary">
<arg>${InputNameAPI}</arg>
<arg>LuisAPI</arg>
<doc>Types the given ``text`` into the text field identified by ``locator``.</doc>
<msg timestamp="20210809 16:11:16.042" level="INFO">Typing text 'LuisAPI' into text field 'id=name'.</msg>
<status status="PASS" starttime="20210809 16:11:16.041" endtime="20210809 16:11:16.174"/>
</kw>
<kw name="Input Text" library="SeleniumLibrary">
<arg>${InputDescriptionAPI}</arg>
<arg>API para adicionar novas informações ao campo</arg>
<doc>Types the given ``text`` into the text field identified by ``locator``.</doc>
<msg timestamp="20210809 16:11:16.175" level="INFO">Typing text 'API para adicionar novas informações ao campo' into text field 'id=description'.</msg>
<status status="PASS" starttime="20210809 16:11:16.174" endtime="20210809 16:11:16.440"/>
</kw>
<kw name="Input Text" library="SeleniumLibrary">
<arg>${InputIPAddresses1}</arg>
<arg>189.54.220.236</arg>
<doc>Types the given ``text`` into the text field identified by ``locator``.</doc>
<msg timestamp="20210809 16:11:16.441" level="INFO">Typing text '189.54.220.236' into text field 'id=range-0'.</msg>
<status status="PASS" starttime="20210809 16:11:16.440" endtime="20210809 16:11:16.578"/>
</kw>
<kw name="Click Button" library="SeleniumLibrary">
<arg>${ClickNewIP}</arg>
<doc>Clicks the button identified by ``locator``.</doc>
<msg timestamp="20210809 16:11:16.579" level="INFO">Clicking button 'css=button[class*="btn btn-secondary"]'.</msg>
<status status="PASS" starttime="20210809 16:11:16.579" endtime="20210809 16:11:16.652"/>
</kw>
<kw name="Input Text" library="SeleniumLibrary">
<arg>${InputIPAddresses2}</arg>
<arg>189.54.220.236</arg>
<doc>Types the given ``text`` into the text field identified by ``locator``.</doc>
<msg timestamp="20210809 16:11:16.653" level="INFO">Typing text '189.54.220.236' into text field 'id=range-1'.</msg>
<status status="PASS" starttime="20210809 16:11:16.653" endtime="20210809 16:11:16.814"/>
</kw>
<kw name="Click Button" library="SeleniumLibrary">
<arg>${ClickCreateKey}</arg>
<doc>Clicks the button identified by ``locator``.</doc>
<msg timestamp="20210809 16:11:16.815" level="INFO">Clicking button 'css=button[class*="ladda-button btn btn-primary btn-lg btn-block"]'.</msg>
<status status="PASS" starttime="20210809 16:11:16.814" endtime="20210809 16:11:16.896"/>
</kw>
<kw name="Sleep" library="BuiltIn">
<arg>1s</arg>
<doc>Pauses the test executed for the given time.</doc>
<msg timestamp="20210809 16:11:17.898" level="INFO">Slept 1 second</msg>
<status status="PASS" starttime="20210809 16:11:16.896" endtime="20210809 16:11:17.898"/>
</kw>
<status status="PASS" starttime="20210809 16:11:16.040" endtime="20210809 16:11:17.898"/>
</kw>
<kw name="Acessed Key Create">
<kw name="Sleep" library="BuiltIn">
<arg>1s</arg>
<doc>Pauses the test executed for the given time.</doc>
<msg timestamp="20210809 16:11:18.904" level="INFO">Slept 1 second</msg>
<status status="PASS" starttime="20210809 16:11:17.900" endtime="20210809 16:11:18.904"/>
</kw>
<kw name="Click Element" library="SeleniumLibrary">
<arg>${ClickAcessKey}</arg>
<doc>Click the element identified by ``locator``.</doc>
<msg timestamp="20210809 16:11:18.905" level="INFO">Clicking element 'css=h4[class="api-key__name"]'.</msg>
<status status="PASS" starttime="20210809 16:11:18.904" endtime="20210809 16:11:19.131"/>
</kw>
<kw name="Sleep" library="BuiltIn">
<arg>1s</arg>
<doc>Pauses the test executed for the given time.</doc>
<msg timestamp="20210809 16:11:20.140" level="INFO">Slept 1 second</msg>
<status status="PASS" starttime="20210809 16:11:19.132" endtime="20210809 16:11:20.140"/>
</kw>
<status status="PASS" starttime="20210809 16:11:17.899" endtime="20210809 16:11:20.140"/>
</kw>
<doc>Sequencia das tarefas</doc>
<status status="PASS" starttime="20210809 16:11:04.629" endtime="20210809 16:11:20.141"/>
</test>
<doc>Treinamento02</doc>
<status status="PASS" starttime="20210809 16:11:00.352" endtime="20210809 16:11:20.144"/>
</suite>
<statistics>
<total>
<stat pass="1" fail="0" skip="0">All Tasks</stat>
</total>
<tag>
</tag>
<suite>
<stat pass="1" fail="0" skip="0" id="s1" name="Treinamento02">Treinamento02</stat>
</suite>
</statistics>
<errors>
</errors>
</robot>
